#
# There is insufficient memory for the Java Runtime Environment to continue.
# Native memory allocation (malloc) failed to allocate 32744 bytes for Chunk::new
# Possible reasons:
#   The system is out of physical RAM or swap space
#   The process is running with CompressedOops enabled, and the Java Heap may be blocking the growth of the native heap
# Possible solutions:
#   Reduce memory load on the system
#   Increase physical memory or swap space
#   Check if swap backing store is full
#   Decrease Java heap size (-Xmx/-Xms)
#   Decrease number of Java threads
#   Decrease Java thread stack sizes (-Xss)
#   Set larger code cache with -XX:ReservedCodeCacheSize=
#   JVM is running with Unscaled Compressed Oops mode in which the Java heap is
#     placed in the first 4GB address space. The Java Heap base address is the
#     maximum limit for the native heap growth. Please use -XX:HeapBaseMinAddress
#     to set the Java Heap base and to place the Java Heap above 4GB virtual address.
# This output file may be truncated or incomplete.
#
#  Out of Memory Error (arena.cpp:184), pid=19240, tid=27792
#
# JRE version: Java(TM) SE Runtime Environment (20.0.1+9) (build 20.0.1+9-29)
# Java VM: Java HotSpot(TM) 64-Bit Server VM (20.0.1+9-29, mixed mode, tiered, compressed oops, compressed class ptrs, g1 gc, windows-amd64)
# No core dump will be written. Minidumps are not enabled by default on client versions of Windows
#

---------------  S U M M A R Y ------------

Command Line: -ea -Dfile.encoding=UTF-8 -XX:+ShowCodeDetailsInExceptionMessages org.testng.remote.RemoteTestNG -serport 55854 -protocol json -d C:\Users\ravne\Documents\Eclipse Workbench\amazon\test-output C:\Users\ravne\AppData\Local\Temp\testng-eclipse-386378231\testng-customsuite.xml

Host: Intel(R) Core(TM) i5-6500T CPU @ 2.50GHz, 4 cores, 7G,  Windows 10 , 64 bit Build 19041 (10.0.19041.3031)
Time: Wed Jun 28 11:06:20 2023 Eastern Daylight Time elapsed time: 0.290975 seconds (0d 0h 0m 0s)

---------------  T H R E A D  ---------------

Current thread (0x0000026ac4c52910):  JavaThread "C2 CompilerThread0" daemon [_thread_in_native, id=27792, stack(0x0000008902300000,0x0000008902400000)]


Current CompileTask:
C2:    291  131   !   4       java.util.zip.ZipFile$Source::checkAndAddEntry (249 bytes)

Stack: [0x0000008902300000,0x0000008902400000]
Native frames: (J=compiled Java code, j=interpreted, Vv=VM code, C=native code)
V  [jvm.dll+0x6bb95a]
V  [jvm.dll+0x8485fa]
V  [jvm.dll+0x84a1f5]
V  [jvm.dll+0x84a8f3]
V  [jvm.dll+0x280b0f]
V  [jvm.dll+0xc2b11]
V  [jvm.dll+0xc2e35]
V  [jvm.dll+0x645c6e]
V  [jvm.dll+0x645e0f]
V  [jvm.dll+0x645e0f]
V  [jvm.dll+0x645e0f]
V  [jvm.dll+0x645e0f]
V  [jvm.dll+0x645e0f]
V  [jvm.dll+0x645e0f]
V  [jvm.dll+0x645e0f]
V  [jvm.dll+0x645e0f]
V  [jvm.dll+0x64becc]
V  [jvm.dll+0x64cefc]
V  [jvm.dll+0x64b2b0]
V  [jvm.dll+0x24b0de]
V  [jvm.dll+0x24a651]
V  [jvm.dll+0x1ce491]
V  [jvm.dll+0x259e1b]
V  [jvm.dll+0x2584f0]
V  [jvm.dll+0x3f2895]
V  [jvm.dll+0x7f4b56]
V  [jvm.dll+0x6ba5cb]
C  [ucrtbase.dll+0x21bb2]
C  [KERNEL32.DLL+0x17614]
C  [ntdll.dll+0x526f1]


---------------  P R O C E S S  ---------------

Threads class SMR info:
_java_thread_list=0x0000026ac4de4230, length=11, elements={
0x0000026aa4977cb0, 0x0000026ac4c458e0, 0x0000026ac4c462f0, 0x0000026ac4c653e0,
0x0000026ac4c68a50, 0x0000026ac4c4ad10, 0x0000026ac4c4f270, 0x0000026ac4c52910,
0x0000026ac4c8daf0, 0x0000026ac4e0cb40, 0x0000026ac4e1dba0
}

Java Threads: ( => current thread )
  0x0000026aa4977cb0 JavaThread "main" [_thread_in_vm, id=11224, stack(0x0000008901600000,0x0000008901700000)]
  0x0000026ac4c458e0 JavaThread "Reference Handler" daemon [_thread_blocked, id=14968, stack(0x0000008901d00000,0x0000008901e00000)]
  0x0000026ac4c462f0 JavaThread "Finalizer" daemon [_thread_blocked, id=27204, stack(0x0000008901e00000,0x0000008901f00000)]
  0x0000026ac4c653e0 JavaThread "Signal Dispatcher" daemon [_thread_blocked, id=29152, stack(0x0000008901f00000,0x0000008902000000)]
  0x0000026ac4c68a50 JavaThread "Attach Listener" daemon [_thread_blocked, id=20516, stack(0x0000008902000000,0x0000008902100000)]
  0x0000026ac4c4ad10 JavaThread "Service Thread" daemon [_thread_blocked, id=6680, stack(0x0000008902100000,0x0000008902200000)]
  0x0000026ac4c4f270 JavaThread "Monitor Deflation Thread" daemon [_thread_blocked, id=24684, stack(0x0000008902200000,0x0000008902300000)]
=>0x0000026ac4c52910 JavaThread "C2 CompilerThread0" daemon [_thread_in_native, id=27792, stack(0x0000008902300000,0x0000008902400000)]
  0x0000026ac4c8daf0 JavaThread "C1 CompilerThread0" daemon [_thread_blocked, id=22344, stack(0x0000008902400000,0x0000008902500000)]
  0x0000026ac4e0cb40 JavaThread "Notification Thread" daemon [_thread_blocked, id=29332, stack(0x0000008902500000,0x0000008902600000)]
  0x0000026ac4e1dba0 JavaThread "Common-Cleaner" daemon [_thread_blocked, id=14608, stack(0x0000008902700000,0x0000008902800000)]

Other Threads:
  0x0000026ac0aee6e0 VMThread "VM Thread" [stack: 0x0000008901c00000,0x0000008901d00000] [id=23160]
  0x0000026ac4e0fcc0 WatcherThread "VM Periodic Task Thread" [stack: 0x0000008902600000,0x0000008902700000] [id=27936]
  0x0000026aa49d8b60 WorkerThread "GC Thread#0" [stack: 0x0000008901700000,0x0000008901800000] [id=28452]
  0x0000026aa49e9600 ConcurrentGCThread "G1 Main Marker" [stack: 0x0000008901800000,0x0000008901900000] [id=14136]
  0x0000026aa49eb090 WorkerThread "G1 Conc#0" [stack: 0x0000008901900000,0x0000008901a00000] [id=25124]
  0x0000026aa4a3e8b0 ConcurrentGCThread "G1 Refine#0" [stack: 0x0000008901a00000,0x0000008901b00000] [id=27884]
  0x0000026ac09230d0 ConcurrentGCThread "G1 Service" [stack: 0x0000008901b00000,0x0000008901c00000] [id=26984]

Threads with active compile tasks:
C2 CompilerThread0      380  131   !   4       java.util.zip.ZipFile$Source::checkAndAddEntry (249 bytes)

VM state: not at safepoint (normal execution)

VM Mutex/Monitor currently owned by a thread:  ([mutex/lock_event])
[0x0000026aa4970fd0] Metaspace_lock - owner thread: 0x0000026aa4977cb0

OutOfMemory and StackOverflow Exception counts:
OutOfMemoryError java_heap_errors=1

Heap address: 0x0000000081c00000, size: 2020 MB, Compressed Oops mode: 32-bit

CDS archive(s) not mapped
Compressed class space mapped at: 0x0000000100000000-0x0000000140000000, reserved size: 1073741824
Narrow klass base: 0x0000000000000000, Narrow klass shift: 3, Narrow klass range: 0x140000000

GC Precious Log:
 CardTable entry size: 512
 Card Set container configuration: InlinePtr #cards 5 size 8 Array Of Cards #cards 12 size 40 Howl #buckets 4 coarsen threshold 1843 Howl Bitmap #cards 512 size 80 coarsen threshold 460 Card regions per heap region 1 cards per card region 2048
 CPUs: 4 total, 4 available
 Memory: 8077M
 Large Page Support: Disabled
 NUMA Support: Disabled
 Compressed Oops: Enabled (32-bit)
 Heap Region Size: 1M
 Heap Min Capacity: 8M
 Heap Initial Capacity: 128M
 Heap Max Capacity: 2020M
 Pre-touch: Disabled
 Parallel Workers: 4
 Concurrent Workers: 1
 Concurrent Refinement Workers: 4
 Periodic GC: Disabled

Heap:
 garbage-first heap   total 131072K, used 3072K [0x0000000081c00000, 0x0000000100000000)
  region size 1024K, 4 young (4096K), 0 survivors (0K)
 Metaspace       used 6388K, committed 6464K, reserved 1114112K
  class space    used 508K, committed 512K, reserved 1048576K

Heap Regions: E=young(eden), S=young(survivor), O=old, HS=humongous(starts), HC=humongous(continues), CS=collection set, F=free, OA=open archive, CA=closed archive, TAMS=top-at-mark-start, PB=parsable bottom
|   0|0x0000000081c00000, 0x0000000081c00000, 0x0000000081d00000|  0%| F|  |TAMS 0x0000000081c00000| PB 0x0000000081c00000| Untracked 
|   1|0x0000000081d00000, 0x0000000081d00000, 0x0000000081e00000|  0%| F|  |TAMS 0x0000000081d00000| PB 0x0000000081d00000| Untracked 
|   2|0x0000000081e00000, 0x0000000081e00000, 0x0000000081f00000|  0%| F|  |TAMS 0x0000000081e00000| PB 0x0000000081e00000| Untracked 
|   3|0x0000000081f00000, 0x0000000081f00000, 0x0000000082000000|  0%| F|  |TAMS 0x0000000081f00000| PB 0x0000000081f00000| Untracked 
|   4|0x0000000082000000, 0x0000000082000000, 0x0000000082100000|  0%| F|  |TAMS 0x0000000082000000| PB 0x0000000082000000| Untracked 
|   5|0x0000000082100000, 0x0000000082100000, 0x0000000082200000|  0%| F|  |TAMS 0x0000000082100000| PB 0x0000000082100000| Untracked 
|   6|0x0000000082200000, 0x0000000082200000, 0x0000000082300000|  0%| F|  |TAMS 0x0000000082200000| PB 0x0000000082200000| Untracked 
|   7|0x0000000082300000, 0x0000000082300000, 0x0000000082400000|  0%| F|  |TAMS 0x0000000082300000| PB 0x0000000082300000| Untracked 
|   8|0x0000000082400000, 0x0000000082400000, 0x0000000082500000|  0%| F|  |TAMS 0x0000000082400000| PB 0x0000000082400000| Untracked 
|   9|0x0000000082500000, 0x0000000082500000, 0x0000000082600000|  0%| F|  |TAMS 0x0000000082500000| PB 0x0000000082500000| Untracked 
|  10|0x0000000082600000, 0x0000000082600000, 0x0000000082700000|  0%| F|  |TAMS 0x0000000082600000| PB 0x0000000082600000| Untracked 
|  11|0x0000000082700000, 0x0000000082700000, 0x0000000082800000|  0%| F|  |TAMS 0x0000000082700000| PB 0x0000000082700000| Untracked 
|  12|0x0000000082800000, 0x0000000082800000, 0x0000000082900000|  0%| F|  |TAMS 0x0000000082800000| PB 0x0000000082800000| Untracked 
|  13|0x0000000082900000, 0x0000000082900000, 0x0000000082a00000|  0%| F|  |TAMS 0x0000000082900000| PB 0x0000000082900000| Untracked 
|  14|0x0000000082a00000, 0x0000000082a00000, 0x0000000082b00000|  0%| F|  |TAMS 0x0000000082a00000| PB 0x0000000082a00000| Untracked 
|  15|0x0000000082b00000, 0x0000000082b00000, 0x0000000082c00000|  0%| F|  |TAMS 0x0000000082b00000| PB 0x0000000082b00000| Untracked 
|  16|0x0000000082c00000, 0x0000000082c00000, 0x0000000082d00000|  0%| F|  |TAMS 0x0000000082c00000| PB 0x0000000082c00000| Untracked 
|  17|0x0000000082d00000, 0x0000000082d00000, 0x0000000082e00000|  0%| F|  |TAMS 0x0000000082d00000| PB 0x0000000082d00000| Untracked 
|  18|0x0000000082e00000, 0x0000000082e00000, 0x0000000082f00000|  0%| F|  |TAMS 0x0000000082e00000| PB 0x0000000082e00000| Untracked 
|  19|0x0000000082f00000, 0x0000000082f00000, 0x0000000083000000|  0%| F|  |TAMS 0x0000000082f00000| PB 0x0000000082f00000| Untracked 
|  20|0x0000000083000000, 0x0000000083000000, 0x0000000083100000|  0%| F|  |TAMS 0x0000000083000000| PB 0x0000000083000000| Untracked 
|  21|0x0000000083100000, 0x0000000083100000, 0x0000000083200000|  0%| F|  |TAMS 0x0000000083100000| PB 0x0000000083100000| Untracked 
|  22|0x0000000083200000, 0x0000000083200000, 0x0000000083300000|  0%| F|  |TAMS 0x0000000083200000| PB 0x0000000083200000| Untracked 
|  23|0x0000000083300000, 0x0000000083300000, 0x0000000083400000|  0%| F|  |TAMS 0x0000000083300000| PB 0x0000000083300000| Untracked 
|  24|0x0000000083400000, 0x0000000083400000, 0x0000000083500000|  0%| F|  |TAMS 0x0000000083400000| PB 0x0000000083400000| Untracked 
|  25|0x0000000083500000, 0x0000000083500000, 0x0000000083600000|  0%| F|  |TAMS 0x0000000083500000| PB 0x0000000083500000| Untracked 
|  26|0x0000000083600000, 0x0000000083600000, 0x0000000083700000|  0%| F|  |TAMS 0x0000000083600000| PB 0x0000000083600000| Untracked 
|  27|0x0000000083700000, 0x0000000083700000, 0x0000000083800000|  0%| F|  |TAMS 0x0000000083700000| PB 0x0000000083700000| Untracked 
|  28|0x0000000083800000, 0x0000000083800000, 0x0000000083900000|  0%| F|  |TAMS 0x0000000083800000| PB 0x0000000083800000| Untracked 
|  29|0x0000000083900000, 0x0000000083900000, 0x0000000083a00000|  0%| F|  |TAMS 0x0000000083900000| PB 0x0000000083900000| Untracked 
|  30|0x0000000083a00000, 0x0000000083a00000, 0x0000000083b00000|  0%| F|  |TAMS 0x0000000083a00000| PB 0x0000000083a00000| Untracked 
|  31|0x0000000083b00000, 0x0000000083b00000, 0x0000000083c00000|  0%| F|  |TAMS 0x0000000083b00000| PB 0x0000000083b00000| Untracked 
|  32|0x0000000083c00000, 0x0000000083c00000, 0x0000000083d00000|  0%| F|  |TAMS 0x0000000083c00000| PB 0x0000000083c00000| Untracked 
|  33|0x0000000083d00000, 0x0000000083d00000, 0x0000000083e00000|  0%| F|  |TAMS 0x0000000083d00000| PB 0x0000000083d00000| Untracked 
|  34|0x0000000083e00000, 0x0000000083e00000, 0x0000000083f00000|  0%| F|  |TAMS 0x0000000083e00000| PB 0x0000000083e00000| Untracked 
|  35|0x0000000083f00000, 0x0000000083f00000, 0x0000000084000000|  0%| F|  |TAMS 0x0000000083f00000| PB 0x0000000083f00000| Untracked 
|  36|0x0000000084000000, 0x0000000084000000, 0x0000000084100000|  0%| F|  |TAMS 0x0000000084000000| PB 0x0000000084000000| Untracked 
|  37|0x0000000084100000, 0x0000000084100000, 0x0000000084200000|  0%| F|  |TAMS 0x0000000084100000| PB 0x0000000084100000| Untracked 
|  38|0x0000000084200000, 0x0000000084200000, 0x0000000084300000|  0%| F|  |TAMS 0x0000000084200000| PB 0x0000000084200000| Untracked 
|  39|0x0000000084300000, 0x0000000084300000, 0x0000000084400000|  0%| F|  |TAMS 0x0000000084300000| PB 0x0000000084300000| Untracked 
|  40|0x0000000084400000, 0x0000000084400000, 0x0000000084500000|  0%| F|  |TAMS 0x0000000084400000| PB 0x0000000084400000| Untracked 
|  41|0x0000000084500000, 0x0000000084500000, 0x0000000084600000|  0%| F|  |TAMS 0x0000000084500000| PB 0x0000000084500000| Untracked 
|  42|0x0000000084600000, 0x0000000084600000, 0x0000000084700000|  0%| F|  |TAMS 0x0000000084600000| PB 0x0000000084600000| Untracked 
|  43|0x0000000084700000, 0x0000000084700000, 0x0000000084800000|  0%| F|  |TAMS 0x0000000084700000| PB 0x0000000084700000| Untracked 
|  44|0x0000000084800000, 0x0000000084800000, 0x0000000084900000|  0%| F|  |TAMS 0x0000000084800000| PB 0x0000000084800000| Untracked 
|  45|0x0000000084900000, 0x0000000084900000, 0x0000000084a00000|  0%| F|  |TAMS 0x0000000084900000| PB 0x0000000084900000| Untracked 
|  46|0x0000000084a00000, 0x0000000084a00000, 0x0000000084b00000|  0%| F|  |TAMS 0x0000000084a00000| PB 0x0000000084a00000| Untracked 
|  47|0x0000000084b00000, 0x0000000084b00000, 0x0000000084c00000|  0%| F|  |TAMS 0x0000000084b00000| PB 0x0000000084b00000| Untracked 
|  48|0x0000000084c00000, 0x0000000084c00000, 0x0000000084d00000|  0%| F|  |TAMS 0x0000000084c00000| PB 0x0000000084c00000| Untracked 
|  49|0x0000000084d00000, 0x0000000084d00000, 0x0000000084e00000|  0%| F|  |TAMS 0x0000000084d00000| PB 0x0000000084d00000| Untracked 
|  50|0x0000000084e00000, 0x0000000084e00000, 0x0000000084f00000|  0%| F|  |TAMS 0x0000000084e00000| PB 0x0000000084e00000| Untracked 
|  51|0x0000000084f00000, 0x0000000084f00000, 0x0000000085000000|  0%| F|  |TAMS 0x0000000084f00000| PB 0x0000000084f00000| Untracked 
|  52|0x0000000085000000, 0x0000000085000000, 0x0000000085100000|  0%| F|  |TAMS 0x0000000085000000| PB 0x0000000085000000| Untracked 
|  53|0x0000000085100000, 0x0000000085100000, 0x0000000085200000|  0%| F|  |TAMS 0x0000000085100000| PB 0x0000000085100000| Untracked 
|  54|0x0000000085200000, 0x0000000085200000, 0x0000000085300000|  0%| F|  |TAMS 0x0000000085200000| PB 0x0000000085200000| Untracked 
|  55|0x0000000085300000, 0x0000000085300000, 0x0000000085400000|  0%| F|  |TAMS 0x0000000085300000| PB 0x0000000085300000| Untracked 
|  56|0x0000000085400000, 0x0000000085400000, 0x0000000085500000|  0%| F|  |TAMS 0x0000000085400000| PB 0x0000000085400000| Untracked 
|  57|0x0000000085500000, 0x0000000085500000, 0x0000000085600000|  0%| F|  |TAMS 0x0000000085500000| PB 0x0000000085500000| Untracked 
|  58|0x0000000085600000, 0x0000000085600000, 0x0000000085700000|  0%| F|  |TAMS 0x0000000085600000| PB 0x0000000085600000| Untracked 
|  59|0x0000000085700000, 0x0000000085700000, 0x0000000085800000|  0%| F|  |TAMS 0x0000000085700000| PB 0x0000000085700000| Untracked 
|  60|0x0000000085800000, 0x0000000085800000, 0x0000000085900000|  0%| F|  |TAMS 0x0000000085800000| PB 0x0000000085800000| Untracked 
|  61|0x0000000085900000, 0x0000000085900000, 0x0000000085a00000|  0%| F|  |TAMS 0x0000000085900000| PB 0x0000000085900000| Untracked 
|  62|0x0000000085a00000, 0x0000000085a00000, 0x0000000085b00000|  0%| F|  |TAMS 0x0000000085a00000| PB 0x0000000085a00000| Untracked 
|  63|0x0000000085b00000, 0x0000000085b00000, 0x0000000085c00000|  0%| F|  |TAMS 0x0000000085b00000| PB 0x0000000085b00000| Untracked 
|  64|0x0000000085c00000, 0x0000000085c00000, 0x0000000085d00000|  0%| F|  |TAMS 0x0000000085c00000| PB 0x0000000085c00000| Untracked 
|  65|0x0000000085d00000, 0x0000000085d00000, 0x0000000085e00000|  0%| F|  |TAMS 0x0000000085d00000| PB 0x0000000085d00000| Untracked 
|  66|0x0000000085e00000, 0x0000000085e00000, 0x0000000085f00000|  0%| F|  |TAMS 0x0000000085e00000| PB 0x0000000085e00000| Untracked 
|  67|0x0000000085f00000, 0x0000000085f00000, 0x0000000086000000|  0%| F|  |TAMS 0x0000000085f00000| PB 0x0000000085f00000| Untracked 
|  68|0x0000000086000000, 0x0000000086000000, 0x0000000086100000|  0%| F|  |TAMS 0x0000000086000000| PB 0x0000000086000000| Untracked 
|  69|0x0000000086100000, 0x0000000086100000, 0x0000000086200000|  0%| F|  |TAMS 0x0000000086100000| PB 0x0000000086100000| Untracked 
|  70|0x0000000086200000, 0x0000000086200000, 0x0000000086300000|  0%| F|  |TAMS 0x0000000086200000| PB 0x0000000086200000| Untracked 
|  71|0x0000000086300000, 0x0000000086300000, 0x0000000086400000|  0%| F|  |TAMS 0x0000000086300000| PB 0x0000000086300000| Untracked 
|  72|0x0000000086400000, 0x0000000086400000, 0x0000000086500000|  0%| F|  |TAMS 0x0000000086400000| PB 0x0000000086400000| Untracked 
|  73|0x0000000086500000, 0x0000000086500000, 0x0000000086600000|  0%| F|  |TAMS 0x0000000086500000| PB 0x0000000086500000| Untracked 
|  74|0x0000000086600000, 0x0000000086600000, 0x0000000086700000|  0%| F|  |TAMS 0x0000000086600000| PB 0x0000000086600000| Untracked 
|  75|0x0000000086700000, 0x0000000086700000, 0x0000000086800000|  0%| F|  |TAMS 0x0000000086700000| PB 0x0000000086700000| Untracked 
|  76|0x0000000086800000, 0x0000000086800000, 0x0000000086900000|  0%| F|  |TAMS 0x0000000086800000| PB 0x0000000086800000| Untracked 
|  77|0x0000000086900000, 0x0000000086900000, 0x0000000086a00000|  0%| F|  |TAMS 0x0000000086900000| PB 0x0000000086900000| Untracked 
|  78|0x0000000086a00000, 0x0000000086a00000, 0x0000000086b00000|  0%| F|  |TAMS 0x0000000086a00000| PB 0x0000000086a00000| Untracked 
|  79|0x0000000086b00000, 0x0000000086b00000, 0x0000000086c00000|  0%| F|  |TAMS 0x0000000086b00000| PB 0x0000000086b00000| Untracked 
|  80|0x0000000086c00000, 0x0000000086c00000, 0x0000000086d00000|  0%| F|  |TAMS 0x0000000086c00000| PB 0x0000000086c00000| Untracked 
|  81|0x0000000086d00000, 0x0000000086d00000, 0x0000000086e00000|  0%| F|  |TAMS 0x0000000086d00000| PB 0x0000000086d00000| Untracked 
|  82|0x0000000086e00000, 0x0000000086e00000, 0x0000000086f00000|  0%| F|  |TAMS 0x0000000086e00000| PB 0x0000000086e00000| Untracked 
|  83|0x0000000086f00000, 0x0000000086f00000, 0x0000000087000000|  0%| F|  |TAMS 0x0000000086f00000| PB 0x0000000086f00000| Untracked 
|  84|0x0000000087000000, 0x0000000087000000, 0x0000000087100000|  0%| F|  |TAMS 0x0000000087000000| PB 0x0000000087000000| Untracked 
|  85|0x0000000087100000, 0x0000000087100000, 0x0000000087200000|  0%| F|  |TAMS 0x0000000087100000| PB 0x0000000087100000| Untracked 
|  86|0x0000000087200000, 0x0000000087200000, 0x0000000087300000|  0%| F|  |TAMS 0x0000000087200000| PB 0x0000000087200000| Untracked 
|  87|0x0000000087300000, 0x0000000087300000, 0x0000000087400000|  0%| F|  |TAMS 0x0000000087300000| PB 0x0000000087300000| Untracked 
|  88|0x0000000087400000, 0x0000000087400000, 0x0000000087500000|  0%| F|  |TAMS 0x0000000087400000| PB 0x0000000087400000| Untracked 
|  89|0x0000000087500000, 0x0000000087500000, 0x0000000087600000|  0%| F|  |TAMS 0x0000000087500000| PB 0x0000000087500000| Untracked 
|  90|0x0000000087600000, 0x0000000087600000, 0x0000000087700000|  0%| F|  |TAMS 0x0000000087600000| PB 0x0000000087600000| Untracked 
|  91|0x0000000087700000, 0x0000000087700000, 0x0000000087800000|  0%| F|  |TAMS 0x0000000087700000| PB 0x0000000087700000| Untracked 
|  92|0x0000000087800000, 0x0000000087800000, 0x0000000087900000|  0%| F|  |TAMS 0x0000000087800000| PB 0x0000000087800000| Untracked 
|  93|0x0000000087900000, 0x0000000087900000, 0x0000000087a00000|  0%| F|  |TAMS 0x0000000087900000| PB 0x0000000087900000| Untracked 
|  94|0x0000000087a00000, 0x0000000087a00000, 0x0000000087b00000|  0%| F|  |TAMS 0x0000000087a00000| PB 0x0000000087a00000| Untracked 
|  95|0x0000000087b00000, 0x0000000087b00000, 0x0000000087c00000|  0%| F|  |TAMS 0x0000000087b00000| PB 0x0000000087b00000| Untracked 
|  96|0x0000000087c00000, 0x0000000087c00000, 0x0000000087d00000|  0%| F|  |TAMS 0x0000000087c00000| PB 0x0000000087c00000| Untracked 
|  97|0x0000000087d00000, 0x0000000087d00000, 0x0000000087e00000|  0%| F|  |TAMS 0x0000000087d00000| PB 0x0000000087d00000| Untracked 
|  98|0x0000000087e00000, 0x0000000087e00000, 0x0000000087f00000|  0%| F|  |TAMS 0x0000000087e00000| PB 0x0000000087e00000| Untracked 
|  99|0x0000000087f00000, 0x0000000087f00000, 0x0000000088000000|  0%| F|  |TAMS 0x0000000087f00000| PB 0x0000000087f00000| Untracked 
| 100|0x0000000088000000, 0x0000000088000000, 0x0000000088100000|  0%| F|  |TAMS 0x0000000088000000| PB 0x0000000088000000| Untracked 
| 101|0x0000000088100000, 0x0000000088100000, 0x0000000088200000|  0%| F|  |TAMS 0x0000000088100000| PB 0x0000000088100000| Untracked 
| 102|0x0000000088200000, 0x0000000088200000, 0x0000000088300000|  0%| F|  |TAMS 0x0000000088200000| PB 0x0000000088200000| Untracked 
| 103|0x0000000088300000, 0x0000000088300000, 0x0000000088400000|  0%| F|  |TAMS 0x0000000088300000| PB 0x0000000088300000| Untracked 
| 104|0x0000000088400000, 0x0000000088400000, 0x0000000088500000|  0%| F|  |TAMS 0x0000000088400000| PB 0x0000000088400000| Untracked 
| 105|0x0000000088500000, 0x0000000088500000, 0x0000000088600000|  0%| F|  |TAMS 0x0000000088500000| PB 0x0000000088500000| Untracked 
| 106|0x0000000088600000, 0x0000000088600000, 0x0000000088700000|  0%| F|  |TAMS 0x0000000088600000| PB 0x0000000088600000| Untracked 
| 107|0x0000000088700000, 0x0000000088700000, 0x0000000088800000|  0%| F|  |TAMS 0x0000000088700000| PB 0x0000000088700000| Untracked 
| 108|0x0000000088800000, 0x0000000088800000, 0x0000000088900000|  0%| F|  |TAMS 0x0000000088800000| PB 0x0000000088800000| Untracked 
| 109|0x0000000088900000, 0x0000000088900000, 0x0000000088a00000|  0%| F|  |TAMS 0x0000000088900000| PB 0x0000000088900000| Untracked 
| 110|0x0000000088a00000, 0x0000000088a00000, 0x0000000088b00000|  0%| F|  |TAMS 0x0000000088a00000| PB 0x0000000088a00000| Untracked 
| 111|0x0000000088b00000, 0x0000000088b00000, 0x0000000088c00000|  0%| F|  |TAMS 0x0000000088b00000| PB 0x0000000088b00000| Untracked 
| 112|0x0000000088c00000, 0x0000000088c00000, 0x0000000088d00000|  0%| F|  |TAMS 0x0000000088c00000| PB 0x0000000088c00000| Untracked 
| 113|0x0000000088d00000, 0x0000000088d00000, 0x0000000088e00000|  0%| F|  |TAMS 0x0000000088d00000| PB 0x0000000088d00000| Untracked 
| 114|0x0000000088e00000, 0x0000000088e00000, 0x0000000088f00000|  0%| F|  |TAMS 0x0000000088e00000| PB 0x0000000088e00000| Untracked 
| 115|0x0000000088f00000, 0x0000000088f00000, 0x0000000089000000|  0%| F|  |TAMS 0x0000000088f00000| PB 0x0000000088f00000| Untracked 
| 116|0x0000000089000000, 0x0000000089000000, 0x0000000089100000|  0%| F|  |TAMS 0x0000000089000000| PB 0x0000000089000000| Untracked 
| 117|0x0000000089100000, 0x0000000089100000, 0x0000000089200000|  0%| F|  |TAMS 0x0000000089100000| PB 0x0000000089100000| Untracked 
| 118|0x0000000089200000, 0x0000000089200000, 0x0000000089300000|  0%| F|  |TAMS 0x0000000089200000| PB 0x0000000089200000| Untracked 
| 119|0x0000000089300000, 0x0000000089300000, 0x0000000089400000|  0%| F|  |TAMS 0x0000000089300000| PB 0x0000000089300000| Untracked 
| 120|0x0000000089400000, 0x0000000089400000, 0x0000000089500000|  0%| F|  |TAMS 0x0000000089400000| PB 0x0000000089400000| Untracked 
| 121|0x0000000089500000, 0x0000000089500000, 0x0000000089600000|  0%| F|  |TAMS 0x0000000089500000| PB 0x0000000089500000| Untracked 
| 122|0x0000000089600000, 0x0000000089600000, 0x0000000089700000|  0%| F|  |TAMS 0x0000000089600000| PB 0x0000000089600000| Untracked 
| 123|0x0000000089700000, 0x0000000089700000, 0x0000000089800000|  0%| F|  |TAMS 0x0000000089700000| PB 0x0000000089700000| Untracked 
| 124|0x0000000089800000, 0x0000000089894a38, 0x0000000089900000| 58%| E|  |TAMS 0x0000000089800000| PB 0x0000000089800000| Complete 
| 125|0x0000000089900000, 0x0000000089a00000, 0x0000000089a00000|100%| E|CS|TAMS 0x0000000089900000| PB 0x0000000089900000| Complete 
| 126|0x0000000089a00000, 0x0000000089b00000, 0x0000000089b00000|100%| E|CS|TAMS 0x0000000089a00000| PB 0x0000000089a00000| Complete 
| 127|0x0000000089b00000, 0x0000000089c00000, 0x0000000089c00000|100%| E|CS|TAMS 0x0000000089b00000| PB 0x0000000089b00000| Complete 

Card table byte_map: [0x0000026abbe30000,0x0000026abc230000] _byte_map_base: 0x0000026abba22000

Marking Bits: (CMBitMap*) 0x0000026aa49d90a0
 Bits: [0x0000026abc630000, 0x0000026abe5c0000)

Polling page: 0x0000026aa2af0000

Metaspace:

Usage:
  Non-class:      5.74 MB used.
      Class:    508.63 KB used.
       Both:      6.24 MB used.

Virtual space:
  Non-class space:       64.00 MB reserved,       5.81 MB (  9%) committed,  1 nodes.
      Class space:        1.00 GB reserved,     512.00 KB ( <1%) committed,  1 nodes.
             Both:        1.06 GB reserved,       6.31 MB ( <1%) committed. 

Chunk freelists:
   Non-Class:  2.24 MB
       Class:  3.25 MB
        Both:  5.49 MB

MaxMetaspaceSize: unlimited
CompressedClassSpaceSize: 1.00 GB
Initial GC threshold: 21.00 MB
Current GC threshold: 21.00 MB
CDS: off
MetaspaceReclaimPolicy: balanced
 - commit_granule_bytes: 65536.
 - commit_granule_words: 8192.
 - virtual_space_node_default_size: 8388608.
 - enlarge_chunks_in_place: 1.
 - new_chunks_are_fully_committed: 0.
 - uncommit_free_chunks: 1.
 - use_allocation_guard: 0.


Internal statistics:

num_allocs_failed_limit: 0.
num_arena_births: 6.
num_arena_deaths: 0.
num_vsnodes_births: 2.
num_vsnodes_deaths: 0.
num_space_committed: 101.
num_space_uncommitted: 0.
num_chunks_returned_to_freelist: 0.
num_chunks_taken_from_freelist: 17.
num_chunk_merges: 0.
num_chunk_splits: 6.
num_chunks_enlarged: 2.
num_inconsistent_stats: 0.

CodeHeap 'non-profiled nmethods': size=120000Kb used=47Kb max_used=47Kb free=119952Kb
 bounds [0x0000026ab4500000, 0x0000026ab4770000, 0x0000026abba30000]
CodeHeap 'profiled nmethods': size=120000Kb used=228Kb max_used=228Kb free=119771Kb
 bounds [0x0000026aaca30000, 0x0000026aacca0000, 0x0000026ab3f60000]
CodeHeap 'non-nmethods': size=5760Kb used=1330Kb max_used=1330Kb free=4429Kb
 bounds [0x0000026ab3f60000, 0x0000026ab41d0000, 0x0000026ab4500000]
 total_blobs=568 nmethods=181 adapters=298
 compilation: enabled
              stopped_count=0, restarted_count=0
 full_count=0

Compilation events (20 events):
Event: 0.282 Thread 0x0000026ac4c8daf0  142       3       java.lang.String::checkBoundsOffCount (10 bytes)
Event: 0.282 Thread 0x0000026ac4c8daf0 nmethod 142 0x0000026aaca5e110 code [0x0000026aaca5e2a0, 0x0000026aaca5e4b8]
Event: 0.282 Thread 0x0000026ac4c8daf0  145       3       java.io.RandomAccessFile::read (8 bytes)
Event: 0.282 Thread 0x0000026ac4c8daf0 nmethod 145 0x0000026aaca5e610 code [0x0000026aaca5e7a0, 0x0000026aaca5e8d8]
Event: 0.282 Thread 0x0000026ac4c8daf0  146   !   3       java.io.RandomAccessFile::readBytes (32 bytes)
Event: 0.283 Thread 0x0000026ac4c8daf0 nmethod 146 0x0000026aaca5e990 code [0x0000026aaca5eb40, 0x0000026aaca5ed50]
Event: 0.284 Thread 0x0000026ac4c8daf0  147       1       java.net.URL::getProtocol (5 bytes)
Event: 0.284 Thread 0x0000026ac4c8daf0 nmethod 147 0x0000026ab4506c10 code [0x0000026ab4506d80, 0x0000026ab4506e48]
Event: 0.284 Thread 0x0000026ac4c8daf0  150       3       java.lang.String::<init> (15 bytes)
Event: 0.284 Thread 0x0000026ac4c8daf0 nmethod 150 0x0000026aaca5ee90 code [0x0000026aaca5f020, 0x0000026aaca5f1e0]
Event: 0.284 Thread 0x0000026ac4c8daf0  151       1       java.util.zip.Inflater$InflaterZStreamRef::address (5 bytes)
Event: 0.284 Thread 0x0000026ac4c8daf0 nmethod 151 0x0000026ab4507510 code [0x0000026ab4507680, 0x0000026ab4507748]
Event: 0.285 Thread 0x0000026ac4c8daf0  152       3       java.io.RandomAccessFile::readFully (45 bytes)
Event: 0.285 Thread 0x0000026ac4c8daf0 nmethod 152 0x0000026aaca5f290 code [0x0000026aaca5f440, 0x0000026aaca5f7b0]
Event: 0.285 Thread 0x0000026ac4c8daf0  153       3       jdk.internal.ref.CleanerImpl::getCleanerImpl (13 bytes)
Event: 0.286 Thread 0x0000026ac4c8daf0 nmethod 153 0x0000026aaca5f990 code [0x0000026aaca5fb20, 0x0000026aaca5fdc0]
Event: 0.286 Thread 0x0000026ac4c8daf0  154       3       java.lang.ref.Cleaner$1::apply (9 bytes)
Event: 0.286 Thread 0x0000026ac4c8daf0 nmethod 154 0x0000026aaca5fe90 code [0x0000026aaca60020, 0x0000026aaca60288]
Event: 0.286 Thread 0x0000026ac4c8daf0  156       1       sun.nio.fs.NativeBuffer::address (5 bytes)
Event: 0.286 Thread 0x0000026ac4c8daf0 nmethod 156 0x0000026ab4507e10 code [0x0000026ab4507f80, 0x0000026ab4508048]

GC Heap History (0 events):
No events

Dll operation events (5 events):
Event: 0.007 Loaded shared library C:\Program Files\Java\jdk-20\bin\java.dll
Event: 0.085 Loaded shared library C:\Program Files\Java\jdk-20\bin\jsvml.dll
Event: 0.238 Loaded shared library C:\Program Files\Java\jdk-20\bin\net.dll
Event: 0.239 Loaded shared library C:\Program Files\Java\jdk-20\bin\nio.dll
Event: 0.252 Loaded shared library C:\Program Files\Java\jdk-20\bin\zip.dll

Deoptimization events (8 events):
Event: 0.217 Thread 0x0000026aa4977cb0 Uncommon trap: trap_request=0xffffff45 fr.pc=0x0000026ab4501634 relative=0x00000000000000b4
Event: 0.217 Thread 0x0000026aa4977cb0 Uncommon trap: reason=unstable_if action=reinterpret pc=0x0000026ab4501634 method=java.lang.String.isLatin1()Z @ 10 c2
Event: 0.217 Thread 0x0000026aa4977cb0 DEOPT PACKING pc=0x0000026ab4501634 sp=0x00000089016fee60
Event: 0.218 Thread 0x0000026aa4977cb0 DEOPT UNPACKING pc=0x0000026ab3fc9d22 sp=0x00000089016feda0 mode 2
Event: 0.281 Thread 0x0000026aa4977cb0 DEOPT PACKING pc=0x0000026aaca48d57 sp=0x00000089016fa600
Event: 0.281 Thread 0x0000026aa4977cb0 DEOPT UNPACKING pc=0x0000026ab3fca4c2 sp=0x00000089016f9a20 mode 0
Event: 0.287 Thread 0x0000026aa4977cb0 DEOPT PACKING pc=0x0000026aaca37441 sp=0x00000089016fa590
Event: 0.287 Thread 0x0000026aa4977cb0 DEOPT UNPACKING pc=0x0000026ab3fca4c2 sp=0x00000089016f9a08 mode 0

Classes loaded (20 events):
Event: 0.262 Loading class java/util/TreeSet
Event: 0.262 Loading class java/util/NavigableSet
Event: 0.262 Loading class java/util/SortedSet
Event: 0.262 Loading class java/util/SortedSet done
Event: 0.262 Loading class java/util/NavigableSet done
Event: 0.262 Loading class java/util/TreeSet done
Event: 0.263 Loading class java/util/TreeMap
Event: 0.263 Loading class java/util/NavigableMap
Event: 0.263 Loading class java/util/SortedMap
Event: 0.263 Loading class java/util/SortedMap done
Event: 0.263 Loading class java/util/NavigableMap done
Event: 0.263 Loading class java/util/TreeMap done
Event: 0.263 Loading class java/util/TreeMap$Entry
Event: 0.264 Loading class java/util/TreeMap$Entry done
Event: 0.264 Loading class java/util/TreeMap$KeySet
Event: 0.264 Loading class java/util/TreeMap$KeySet done
Event: 0.264 Loading class java/util/TreeMap$KeyIterator
Event: 0.264 Loading class java/util/TreeMap$PrivateEntryIterator
Event: 0.264 Loading class java/util/TreeMap$PrivateEntryIterator done
Event: 0.264 Loading class java/util/TreeMap$KeyIterator done

Classes unloaded (0 events):
No events

Classes redefined (0 events):
No events

Internal exceptions (0 events):
No events

VM Operations (2 events):
Event: 0.254 Executing VM operation: HandshakeAllThreads
Event: 0.254 Executing VM operation: HandshakeAllThreads done

Events (11 events):
Event: 0.085 Thread 0x0000026aa4977cb0 Thread added: 0x0000026aa4977cb0
Event: 0.133 Thread 0x0000026ac4c458e0 Thread added: 0x0000026ac4c458e0
Event: 0.133 Thread 0x0000026ac4c462f0 Thread added: 0x0000026ac4c462f0
Event: 0.135 Thread 0x0000026ac4c653e0 Thread added: 0x0000026ac4c653e0
Event: 0.135 Thread 0x0000026ac4c68a50 Thread added: 0x0000026ac4c68a50
Event: 0.135 Thread 0x0000026ac4c4ad10 Thread added: 0x0000026ac4c4ad10
Event: 0.135 Thread 0x0000026ac4c4f270 Thread added: 0x0000026ac4c4f270
Event: 0.135 Thread 0x0000026ac4c52910 Thread added: 0x0000026ac4c52910
Event: 0.135 Thread 0x0000026ac4c8daf0 Thread added: 0x0000026ac4c8daf0
Event: 0.214 Thread 0x0000026ac4e0cb40 Thread added: 0x0000026ac4e0cb40
Event: 0.224 Thread 0x0000026ac4e1dba0 Thread added: 0x0000026ac4e1dba0


Dynamic libraries:
0x00007ff690e60000 - 0x00007ff690e70000 	C:\Program Files\Java\jdk-20\bin\javaw.exe
0x00007ffcd3930000 - 0x00007ffcd3b28000 	C:\Windows\SYSTEM32\ntdll.dll
0x00007ffcd2320000 - 0x00007ffcd23df000 	C:\Windows\System32\KERNEL32.DLL
0x00007ffcd1370000 - 0x00007ffcd1666000 	C:\Windows\System32\KERNELBASE.dll
0x00007ffcd10c0000 - 0x00007ffcd11c0000 	C:\Windows\System32\ucrtbase.dll
0x00007ffcb3c70000 - 0x00007ffcb3c89000 	C:\Program Files\Java\jdk-20\bin\jli.dll
0x00007ffcd34d0000 - 0x00007ffcd357f000 	C:\Windows\System32\ADVAPI32.dll
0x00007ffcd32f0000 - 0x00007ffcd338e000 	C:\Windows\System32\msvcrt.dll
0x00007ffcd37b0000 - 0x00007ffcd384c000 	C:\Windows\System32\sechost.dll
0x00007ffcd21f0000 - 0x00007ffcd2316000 	C:\Windows\System32\RPCRT4.dll
0x00007ffcd2f30000 - 0x00007ffcd30cd000 	C:\Windows\System32\USER32.dll
0x00007ffcd1210000 - 0x00007ffcd1232000 	C:\Windows\System32\win32u.dll
0x00007ffcd3850000 - 0x00007ffcd387c000 	C:\Windows\System32\GDI32.dll
0x00007ffcd1670000 - 0x00007ffcd1785000 	C:\Windows\System32\gdi32full.dll
0x00007ffcd1790000 - 0x00007ffcd182d000 	C:\Windows\System32\msvcp_win.dll
0x00007ffcbad20000 - 0x00007ffcbafba000 	C:\Windows\WinSxS\amd64_microsoft.windows.common-controls_6595b64144ccf1df_6.0.19041.1110_none_60b5254171f9507e\COMCTL32.dll
0x00007ffccbfd0000 - 0x00007ffccbfda000 	C:\Windows\SYSTEM32\VERSION.dll
0x00007ffcb3550000 - 0x00007ffcb356b000 	C:\Program Files\Java\jdk-20\bin\VCRUNTIME140.dll
0x00007ffcd2dc0000 - 0x00007ffcd2df0000 	C:\Windows\System32\IMM32.DLL
0x00007ffcccb60000 - 0x00007ffcccb6c000 	C:\Program Files\Java\jdk-20\bin\vcruntime140_1.dll
0x00007ffcb2300000 - 0x00007ffcb238e000 	C:\Program Files\Java\jdk-20\bin\msvcp140.dll
0x00007ffc41be0000 - 0x00007ffc42877000 	C:\Program Files\Java\jdk-20\bin\server\jvm.dll
0x00007ffcb40c0000 - 0x00007ffcb40c9000 	C:\Windows\SYSTEM32\WSOCK32.dll
0x00007ffcd3160000 - 0x00007ffcd31cb000 	C:\Windows\System32\WS2_32.dll
0x00007ffcb4090000 - 0x00007ffcb40b7000 	C:\Windows\SYSTEM32\WINMM.dll
0x00007ffccee00000 - 0x00007ffccee12000 	C:\Windows\SYSTEM32\kernel.appcore.dll
0x00007ffcccba0000 - 0x00007ffcccbaa000 	C:\Program Files\Java\jdk-20\bin\jimage.dll
0x00007ffcbebc0000 - 0x00007ffcbeda4000 	C:\Windows\SYSTEM32\DBGHELP.DLL
0x00007ffcbdde0000 - 0x00007ffcbde14000 	C:\Windows\SYSTEM32\dbgcore.DLL
0x00007ffcd12e0000 - 0x00007ffcd1362000 	C:\Windows\System32\bcryptPrimitives.dll
0x00007ffcb0790000 - 0x00007ffcb07b6000 	C:\Program Files\Java\jdk-20\bin\java.dll
0x00007ffca3220000 - 0x00007ffca32f7000 	C:\Program Files\Java\jdk-20\bin\jsvml.dll
0x00007ffcd1990000 - 0x00007ffcd20d4000 	C:\Windows\System32\SHELL32.dll
0x00007ffccf0e0000 - 0x00007ffccf873000 	C:\Windows\SYSTEM32\windows.storage.dll
0x00007ffcd23e0000 - 0x00007ffcd2734000 	C:\Windows\System32\combase.dll
0x00007ffcd0980000 - 0x00007ffcd09ae000 	C:\Windows\SYSTEM32\Wldp.dll
0x00007ffcd2e80000 - 0x00007ffcd2f2d000 	C:\Windows\System32\SHCORE.dll
0x00007ffcd2bb0000 - 0x00007ffcd2c05000 	C:\Windows\System32\shlwapi.dll
0x00007ffcd0f50000 - 0x00007ffcd0f6f000 	C:\Windows\SYSTEM32\profapi.dll
0x00007ffcb2970000 - 0x00007ffcb2983000 	C:\Program Files\Java\jdk-20\bin\net.dll
0x00007ffcca5a0000 - 0x00007ffcca6aa000 	C:\Windows\SYSTEM32\WINHTTP.dll
0x00007ffcd06e0000 - 0x00007ffcd074a000 	C:\Windows\system32\mswsock.dll
0x00007ffcb1fa0000 - 0x00007ffcb1fb6000 	C:\Program Files\Java\jdk-20\bin\nio.dll
0x00007ffcae340000 - 0x00007ffcae358000 	C:\Program Files\Java\jdk-20\bin\zip.dll

dbghelp: loaded successfully - version: 4.0.5 - missing functions: none
symbol engine: initialized successfully - sym options: 0x614 - pdb path: .;C:\Program Files\Java\jdk-20\bin;C:\Windows\SYSTEM32;C:\Windows\WinSxS\amd64_microsoft.windows.common-controls_6595b64144ccf1df_6.0.19041.1110_none_60b5254171f9507e;C:\Program Files\Java\jdk-20\bin\server

VM Arguments:
jvm_args: -ea -Dfile.encoding=UTF-8 -XX:+ShowCodeDetailsInExceptionMessages 
java_command: org.testng.remote.RemoteTestNG -serport 55854 -protocol json -d C:\Users\ravne\Documents\Eclipse Workbench\amazon\test-output C:\Users\ravne\AppData\Local\Temp\testng-eclipse-386378231\testng-customsuite.xml
java_class_path (initial): C:\Users\ravne\eclipse\jee-2023-033\eclipse\configuration\org.eclipse.osgi\928\0\.cp\lib\testng-remote.jar;C:\Users\ravne\Documents\Eclipse Workbench\amazon\target\test-classes;C:\Users\ravne\Documents\Eclipse Workbench\amazon\target\classes;C:\Users\ravne\.m2\repository\org\seleniumhq\selenium\selenium-java\4.9.1\selenium-java-4.9.1.jar;C:\Users\ravne\.m2\repository\org\seleniumhq\selenium\selenium-api\4.9.1\selenium-api-4.9.1.jar;C:\Users\ravne\.m2\repository\org\seleniumhq\selenium\selenium-chrome-driver\4.9.1\selenium-chrome-driver-4.9.1.jar;C:\Users\ravne\.m2\repository\com\google\auto\service\auto-service-annotations\1.0.1\auto-service-annotations-1.0.1.jar;C:\Users\ravne\.m2\repository\com\google\auto\service\auto-service\1.0.1\auto-service-1.0.1.jar;C:\Users\ravne\.m2\repository\com\google\auto\auto-common\1.2\auto-common-1.2.jar;C:\Users\ravne\.m2\repository\com\google\guava\guava\31.1-jre\guava-31.1-jre.jar;C:\Users\ravne\.m2\repository\com\google\guava\failureaccess\1.0.1\failureaccess-1.0.1.jar;C:\Users\ravne\.m2\repository\com\google\guava\listenablefuture\9999.0-empty-to-avoid-conflict-with-guava\listenablefuture-9999.0-empty-to-avoid-conflict-with-guava.jar;C:\Users\ravne\.m2\repository\com\google\code\findbugs\jsr305\3.0.2\jsr305-3.0.2.jar;C:\Users\ravne\.m2\repository\org\checkerframework\checker-qual\3.12.0\checker-qual-3.12.0.jar;C:\Users\ravne\.m2\repository\com\google\errorprone\error_prone_annotations\2.11.0\error_prone_annotations-2.11.0.jar;C:\Users\ravne\.m2\repository\com\google\j2objc\j2objc-annotations\1.3\j2objc-annotations-1.3.jar;C:\Users\ravne\.m2\repository\org\seleniumhq\selenium\selenium-chromium-driver\4.9.1\selenium-chromium-driver-4.9.1.jar;C:\Users\ravne\.m2\repository\org\seleniumhq\selenium\selenium-json\4.9.1\selenium-json-4.9.1.jar;C:\Users\ravne\.m2\repository\org\seleniumhq\selenium\selenium-manager\4.9.1\selenium-manager-4.9.1.jar;C:\Users\ravne\.m2\repository\org\seleniumhq\selenium\selenium-devtools-v111\4.9.1\selenium-devtools-v111-4.9.1.jar;C:\Users\ravne\.m2\repository\org\seleniumhq\selenium\selenium-devtools-v112\4.9.1\selenium-devtools-v112-4.9.1.jar;C:\Users\ravne\.m2\repository\org\seleniumhq\selenium\selenium-devtools-v113\4.9.1\selenium-devtools-v113-4.9.1.jar;C:\Users\ravne\.m2\repository\org\seleniumhq\selenium\selenium-devtools-v85\4.9.1\selenium-devtools-v85-4.9.1.jar;C:\Users\ravne\.m2\repository\org\seleniumhq\selenium\selenium-edge-driver\4.9.1\selenium-edge-driver-4.9.1.jar;C:\Users\ravne\.m2\repository\org\seleniumhq\selenium\selenium-firefox-driver\4.9.1\selenium-firefox-driver-4.9.1.jar;C:\Users\ravne\.m2\repository\org\seleniumhq\selenium\selenium-http\4.9.1\selenium-http-4.9.1.jar;C:\Users\ravne\.m2\repository\dev\failsafe\failsafe\3.3.1\failsafe-3.3.1.jar;C:\Users\ravne\.m2\repository\org\seleniumhq\selenium\selenium-ie-driver\4.9.1\selenium-ie-driver-4.9.1.jar;C:\Users\ravne\.m2\repository\org\seleniumhq\selenium\selenium-remote-driver\4.9.1\selenium-remote-driver-4.9.1.jar;C:\Users\ravne\.m2\repository\io\netty\netty-buffer\4.1.91.Final\netty-buffer-4.1.91.Final.jar;C:\Users\ravne\.m2\repository\io\netty\netty-codec-http\4.1.91.Final\netty-codec-http-4.1.91.Final.jar;C:\Users\ravne\.m2\repository\io\netty\netty-codec\4.1.91.Final\netty-codec-4.1.91.Final.jar;C:\Users\ravne\.m2\repository\io\netty\netty-handler\4.1.91.Final\netty-handler-4.1.91.Final.jar;C:\Users\ravne\.m2\repository\io\netty\netty-common\4.1.91.Final\netty-common-4.1.91.Final.jar;C:\Users\ravne\.m2\repository\io\netty\netty-transport-classes-epoll\4.1.91.Final\netty-transport-classes-epoll-4.1.91.Final.jar;C:\Users\ravne\.m2\repository\io\netty\netty-transport-classes-kqueue\4.1.91.Final\netty-transport-classes-kqueue-4.1.91.Final.jar;C:\Users\ravne\.m2\repository\io\netty\netty-transport-native-epoll\4.1.91.Final\netty-transport-native-epoll-4.1.91.Final.jar;C:\Users\ravne\.m2\repository\io\netty\netty-transport-native-kqueue\4.1.91.Final\netty-transport-native-kqueue-4.1.91.Final.jar;C:\Users\ravne\.m2\repository\io\netty\netty-transport-native-unix-common\4.1.91.Final\netty-transport-native-unix-common-4.1.91.Final.jar;C:\Users\ravne\.m2\repository\io\netty\netty-transport\4.1.91.Final\netty-transport-4.1.91.Final.jar;C:\Users\ravne\.m2\repository\io\netty\netty-resolver\4.1.91.Final\netty-resolver-4.1.91.Final.jar;C:\Users\ravne\.m2\repository\io\opentelemetry\opentelemetry-api\1.25.0\opentelemetry-api-1.25.0.jar;C:\Users\ravne\.m2\repository\io\opentelemetry\opentelemetry-context\1.25.0\opentelemetry-context-1.25.0.jar;C:\Users\ravne\.m2\repository\io\opentelemetry\opentelemetry-exporter-logging\1.25.0\opentelemetry-exporter-logging-1.25.0.jar;C:\Users\ravne\.m2\repository\io\opentelemetry\opentelemetry-sdk-metrics\1.25.0\opentelemetry-sdk-metrics-1.25.0.jar;C:\Users\ravne\.m2\repository\io\opentelemetry\opentelemetry-sdk-logs\1.25.0-alpha\opentelemetry-sdk-logs-1.25.0-alpha.jar;C:\Users\ravne\.m2\repository\io\opentelemetry\opentelemetry-api-logs\1.25.0-alpha\opentelemetry-api-logs-1.25.0-alpha.jar;C:\Users\ravne\.m2\repository\io\opentelemetry\opentelemetry-api-events\1.25.0-alpha\opentelemetry-api-events-1.25.0-alpha.jar;C:\Users\ravne\.m2\repository\io\opentelemetry\opentelemetry-sdk-common\1.25.0\opentelemetry-sdk-common-1.25.0.jar;C:\Users\ravne\.m2\repository\io\opentelemetry\opentelemetry-sdk-extension-autoconfigure-spi\1.25.0\opentelemetry-sdk-extension-autoconfigure-spi-1.25.0.jar;C:\Users\ravne\.m2\repository\io\opentelemetry\opentelemetry-sdk-extension-autoconfigure\1.25.0-alpha\opentelemetry-sdk-extension-autoconfigure-1.25.0-alpha.jar;C:\Users\ravne\.m2\repository\io\opentelemetry\opentelemetry-sdk-trace\1.25.0\opentelemetry-sdk-trace-1.25.0.jar;C:\Users\ravne\.m2\repository\io\opentelemetry\opentelemetry-sdk\1.25.0\opentelemetry-sdk-1.25.0.jar;C:\Users\ravne\.m2\repository\io\opentelemetry\opentelemetry-semconv\1.25.0-alpha\opentelemetry-semconv-1.25.0-alpha.jar;C:\Users\ravne\.m2\repository\io\ous\jtoml\2.0.0\jtoml-2.0.0.jar;C:\Users\ravne\.m2\repository\net\bytebuddy\byte-buddy\1.14.4\byte-buddy-1.14.4.jar;C:\Users\ravne\.m2\repository\org\apache\commons\commons-exec\1.3\commons-exec-1.3.jar;C:\Users\ravne\.m2\repository\org\asynchttpclient\async-http-client\2.12.3\async-http-client-2.12.3.jar;C:\Users\ravne\.m2\repository\org\asynchttpclient\async-http-client-netty-utils\2.12.3\async-http-client-netty-utils-2.12.3.jar;C:\Users\ravne\.m2\repository\io\netty\netty-codec-socks\4.1.60.Final\netty-codec-socks-4.1.60.Final.jar;C:\Users\ravne\.m2\repository\io\netty\netty-handler-proxy\4.1.60.Final\netty-handler-proxy-4.1.60.Final.jar;C:\Users\ravne\.m2\repository\io\netty\netty-transport-native-epoll\4.1.60.Final\netty-transport-native-epoll-4.1.60.Final-linux-x86_64.jar;C:\Users\ravne\.m2\repository\io\netty\netty-transport-native-kqueue\4.1.60.Final\netty-transport-native-kqueue-4.1.60.Final-osx-x86_64.jar;C:\Users\ravne\.m2\repository\org\reactivestreams\reactive-streams\1.0.3\reactive-streams-1.0.3.jar;C:\Users\ravne\.m2\repository\com\typesafe\netty\netty-reactive-streams\2.0.4\netty-reactive-streams-2.0.4.jar;C:\Users\ravne\.m2\repository\com\sun\activation\jakarta.activation\1.2.2\jakarta.activation-1.2.2.jar;C:\Users\ravne\.m2\repository\org\seleniumhq\selenium\selenium-safari-driver\4.9.1\selenium-safari-driver-4.9.1.jar;C:\Users\ravne\.m2\repository\org\seleniumhq\selenium\selenium-support\4.9.1\selenium-support-4.9.1.jar;C:\Users\ravne\.m2\repository\org\testng\testng\7.7.1\testng-7.7.1.jar;C:\Users\ravne\.m2\repository\org\slf4j\slf4j-api\1.7.36\slf4j-api-1.7.36.jar;C:\Users\ravne\.m2\repository\com\beust\jcommander\1.82\jcommander-1.82.jar;C:\Users\ravne\.m2\repository\org\webjars\jquery\3.6.1\jquery-3.6.1.jar
Launcher Type: SUN_STANDARD

[Global flags]
     intx CICompilerCount                          = 3                                         {product} {ergonomic}
     uint ConcGCThreads                            = 1                                         {product} {ergonomic}
     uint G1ConcRefinementThreads                  = 4                                         {product} {ergonomic}
   size_t G1HeapRegionSize                         = 1048576                                   {product} {ergonomic}
    uintx GCDrainStackTargetSize                   = 64                                        {product} {ergonomic}
   size_t InitialHeapSize                          = 134217728                                 {product} {ergonomic}
   size_t MarkStackSize                            = 4194304                                   {product} {ergonomic}
   size_t MaxHeapSize                              = 2118123520                                {product} {ergonomic}
   size_t MaxNewSize                               = 1270874112                                {product} {ergonomic}
   size_t MinHeapDeltaBytes                        = 1048576                                   {product} {ergonomic}
   size_t MinHeapSize                              = 8388608                                   {product} {ergonomic}
    uintx NonNMethodCodeHeapSize                   = 5832780                                {pd product} {ergonomic}
    uintx NonProfiledCodeHeapSize                  = 122912730                              {pd product} {ergonomic}
    uintx ProfiledCodeHeapSize                     = 122912730                              {pd product} {ergonomic}
    uintx ReservedCodeCacheSize                    = 251658240                              {pd product} {ergonomic}
     bool SegmentedCodeCache                       = true                                      {product} {ergonomic}
     bool ShowCodeDetailsInExceptionMessages       = true                                   {manageable} {command line}
   size_t SoftMaxHeapSize                          = 2118123520                             {manageable} {ergonomic}
     bool UseCompressedClassPointers               = true                           {product lp64_product} {ergonomic}
     bool UseCompressedOops                        = true                           {product lp64_product} {ergonomic}
     bool UseG1GC                                  = true                                      {product} {ergonomic}
     bool UseLargePagesIndividualAllocation        = false                                  {pd product} {ergonomic}

Logging:
Log output configuration:
 #0: stdout all=warning uptime,level,tags foldmultilines=false
 #1: stderr all=off uptime,level,tags foldmultilines=false

Environment Variables:
PATH=C:/Program Files/Java/jdk-20/bin/server;C:/Program Files/Java/jdk-20/bin;C:\Program Files (x86)\VMware\VMware Player\bin\;C:\Windows\system32;C:\Windows;C:\Windows\System32\Wbem;C:\Windows\System32\WindowsPowerShell\v1.0\;C:\Windows\System32\OpenSSH\;C:\Program Files\Azure Data Studio\bin;C:\Program Files (x86)\Microsoft SQL Server\160\Tools\Binn\;C:\Program Files\Microsoft SQL Server\160\Tools\Binn\;C:\Program Files\Microsoft SQL Server\Client SDK\ODBC\170\Tools\Binn\;C:\Program Files\Microsoft SQL Server\160\DTS\Binn\;C:\Program Files (x86)\Microsoft SQL Server\160\DTS\Binn\;C:\Program Files\Java\jdk-20\bin;C:\Program Files\Git\cmd;C:\Program Files\MySQL\MySQL Shell 8.0\bin\;C:\Users\ravne\AppData\Local\Microsoft\WindowsApps;C:\Program Files\Azure Data Studio\bin;C:\Program Files\Azure Data Studio\bin;C:\Users\ravne\AppData\Local\GitHubDesktop\bin;C:\Windows\system32;
USERNAME=ravne
OS=Windows_NT
PROCESSOR_IDENTIFIER=Intel64 Family 6 Model 94 Stepping 3, GenuineIntel
TMP=C:\Users\ravne\AppData\Local\Temp
TEMP=C:\Users\ravne\AppData\Local\Temp




---------------  S Y S T E M  ---------------

OS:
 Windows 10 , 64 bit Build 19041 (10.0.19041.3031)
OS uptime: 0 days 22:03 hours

CPU: total 4 (initial active 4) (4 cores per cpu, 1 threads per core) family 6 model 94 stepping 3 microcode 0xf0, cx8, cmov, fxsr, mmx, 3dnowpref, sse, sse2, sse3, ssse3, sse4.1, sse4.2, popcnt, lzcnt, tsc, tscinvbit, avx, avx2, aes, erms, clmul, bmi1, bmi2, rtm, adx, fma, vzeroupper, clflush, clflushopt, rdtscp, f16c

Memory: 4k page, system-wide physical 8077M (2120M free)
TotalPageFile size 27072M (AvailPageFile size 0M)
current process WorkingSet (physical memory assigned to process): 34M, peak: 34M
current process commit charge ("private bytes"): 198M, peak: 198M

vm_info: Java HotSpot(TM) 64-Bit Server VM (20.0.1+9-29) for windows-amd64 JRE (20.0.1+9-29), built on 2023-03-07T13:56:11Z by "mach5one" with MS VC++ 17.1 (VS2022)

END.
